0 info it worked if it ends with ok
1 verbose cli [ 'node', '/usr/local/bin/npm', 'start' ]
2 info using npm@2.7.0
3 info using node@v0.12.0
4 verbose run-script [ 'prestart', 'start', 'poststart' ]
5 info prestart xlweb2@0.0.1
6 info start xlweb2@0.0.1
7 verbose unsafe-perm in lifecycle true
8 info xlweb2@0.0.1 Failed to exec start script
9 verbose stack Error: xlweb2@0.0.1 start: `watchify -o js/bundle.js -v -d .`
9 verbose stack Exit status 127
9 verbose stack     at EventEmitter.<anonymous> (/usr/local/lib/node_modules/npm/lib/utils/lifecycle.js:213:16)
9 verbose stack     at EventEmitter.emit (events.js:110:17)
9 verbose stack     at ChildProcess.<anonymous> (/usr/local/lib/node_modules/npm/lib/utils/spawn.js:14:12)
9 verbose stack     at ChildProcess.emit (events.js:110:17)
9 verbose stack     at maybeClose (child_process.js:1008:16)
9 verbose stack     at Process.ChildProcess._handle.onexit (child_process.js:1080:5)
10 verbose pkgid xlweb2@0.0.1
11 verbose cwd /home/xuelin/dev/first/xlweb2/src/main/webapp
12 error Linux 3.13.0-44-generic
13 error argv "node" "/usr/local/bin/npm" "start"
14 error node v0.12.0
15 error npm  v2.7.0
16 error code ELIFECYCLE
17 error xlweb2@0.0.1 start: `watchify -o js/bundle.js -v -d .`
17 error Exit status 127
18 error Failed at the xlweb2@0.0.1 start script 'watchify -o js/bundle.js -v -d .'.
18 error This is most likely a problem with the xlweb2 package,
18 error not with npm itself.
18 error Tell the author that this fails on your system:
18 error     watchify -o js/bundle.js -v -d .
18 error You can get their info via:
18 error     npm owner ls xlweb2
18 error There is likely additional logging output above.
19 verbose exit [ 1, true ]
